This is pdfTeX, Version 3.141592653-2.6-1.40.27 (TeX Live 2025) (preloaded format=pdflatex 2025.5.9)  18 DEC 2025 12:29
entering extended mode
 restricted \write18 enabled.
 %&-line parsing enabled.
**main.tex
(./main.tex
LaTeX2e <2024-11-01> patch level 2
L3 programming layer <2025-04-14>
(/opt/texlive/2025/texmf-dist/tex/latex/base/article.cls
Document Class: article 2024/06/29 v1.4n Standard LaTeX document class
(/opt/texlive/2025/texmf-dist/tex/latex/base/size11.clo
File: size11.clo 2024/06/29 v1.4n Standard LaTeX file (size option)
)
\c@part=\count272
\c@section=\count273
\c@subsection=\count274
\c@subsubsection=\count275
\c@paragraph=\count276
\c@subparagraph=\count277
\c@figure=\count278
\c@table=\count279
\abovecaptionskip=\skip49
\belowcaptionskip=\skip50
\bibindent=\dimen146
)
(/opt/texlive/2025/texmf-dist/tex/latex/geometry/geometry.sty
Package: geometry 2020/01/02 v5.9 Page Geometry

(/opt/texlive/2025/texmf-dist/tex/latex/graphics/keyval.sty
Package: keyval 2022/05/29 v1.15 key=value parser (DPC)
\KV@toks@=\toks17
)
(/opt/texlive/2025/texmf-dist/tex/generic/iftex/ifvtex.sty
Package: ifvtex 2019/10/25 v1.7 ifvtex legacy package. Use iftex instead.

(/opt/texlive/2025/texmf-dist/tex/generic/iftex/iftex.sty
Package: iftex 2024/12/12 v1.0g TeX engine tests
))
\Gm@cnth=\count280
\Gm@cntv=\count281
\c@Gm@tempcnt=\count282
\Gm@bindingoffset=\dimen147
\Gm@wd@mp=\dimen148
\Gm@odd@mp=\dimen149
\Gm@even@mp=\dimen150
\Gm@layoutwidth=\dimen151
\Gm@layoutheight=\dimen152
\Gm@layouthoffset=\dimen153
\Gm@layoutvoffset=\dimen154
\Gm@dimlist=\toks18
)
(/opt/texlive/2025/texmf-dist/tex/latex/setspace/setspace.sty
Package: setspace 2022/12/04 v6.7b set line spacing
)
(/opt/texlive/2025/texmf-dist/tex/latex/graphics/graphicx.sty
Package: graphicx 2021/09/16 v1.2d Enhanced LaTeX Graphics (DPC,SPQR)

(/opt/texlive/2025/texmf-dist/tex/latex/graphics/graphics.sty
Package: graphics 2024/08/06 v1.4g Standard LaTeX Graphics (DPC,SPQR)

(/opt/texlive/2025/texmf-dist/tex/latex/graphics/trig.sty
Package: trig 2023/12/02 v1.11 sin cos tan (DPC)
)
(/opt/texlive/2025/texmf-dist/tex/latex/graphics-cfg/graphics.cfg
File: graphics.cfg 2016/06/04 v1.11 sample graphics configuration
)
Package graphics Info: Driver file: pdftex.def on input line 106.

(/opt/texlive/2025/texmf-dist/tex/latex/graphics-def/pdftex.def
File: pdftex.def 2024/04/13 v1.2c Graphics/color driver for pdftex
))
\Gin@req@height=\dimen155
\Gin@req@width=\dimen156
)
(/opt/texlive/2025/texmf-dist/tex/latex/booktabs/booktabs.sty
Package: booktabs 2020/01/12 v1.61803398 Publication quality tables
\heavyrulewidth=\dimen157
\lightrulewidth=\dimen158
\cmidrulewidth=\dimen159
\belowrulesep=\dimen160
\belowbottomsep=\dimen161
\aboverulesep=\dimen162
\abovetopsep=\dimen163
\cmidrulesep=\dimen164
\cmidrulekern=\dimen165
\defaultaddspace=\dimen166
\@cmidla=\count283
\@cmidlb=\count284
\@aboverulesep=\dimen167
\@belowrulesep=\dimen168
\@thisruleclass=\count285
\@lastruleclass=\count286
\@thisrulewidth=\dimen169
)
(/opt/texlive/2025/texmf-dist/tex/latex/hyperref/hyperref.sty
Package: hyperref 2024-11-05 v7.01l Hypertext links for LaTeX

(/opt/texlive/2025/texmf-dist/tex/latex/kvsetkeys/kvsetkeys.sty
Package: kvsetkeys 2022-10-05 v1.19 Key value parser (HO)
)
(/opt/texlive/2025/texmf-dist/tex/generic/kvdefinekeys/kvdefinekeys.sty
Package: kvdefinekeys 2019-12-19 v1.6 Define keys (HO)
)
(/opt/texlive/2025/texmf-dist/tex/generic/pdfescape/pdfescape.sty
Package: pdfescape 2019/12/09 v1.15 Implements pdfTeX's escape features (HO)

(/opt/texlive/2025/texmf-dist/tex/generic/ltxcmds/ltxcmds.sty
Package: ltxcmds 2023-12-04 v1.26 LaTeX kernel commands for general use (HO)
)
(/opt/texlive/2025/texmf-dist/tex/generic/pdftexcmds/pdftexcmds.sty
Package: pdftexcmds 2020-06-27 v0.33 Utility functions of pdfTeX for LuaTeX (HO
)

(/opt/texlive/2025/texmf-dist/tex/generic/infwarerr/infwarerr.sty
Package: infwarerr 2019/12/03 v1.5 Providing info/warning/error messages (HO)
)
Package pdftexcmds Info: \pdf@primitive is available.
Package pdftexcmds Info: \pdf@ifprimitive is available.
Package pdftexcmds Info: \pdfdraftmode found.
))
(/opt/texlive/2025/texmf-dist/tex/latex/hycolor/hycolor.sty
Package: hycolor 2020-01-27 v1.10 Color options for hyperref/bookmark (HO)
)
(/opt/texlive/2025/texmf-dist/tex/latex/hyperref/nameref.sty
Package: nameref 2023-11-26 v2.56 Cross-referencing by name of section

(/opt/texlive/2025/texmf-dist/tex/latex/refcount/refcount.sty
Package: refcount 2019/12/15 v3.6 Data extraction from label references (HO)
)
(/opt/texlive/2025/texmf-dist/tex/generic/gettitlestring/gettitlestring.sty
Package: gettitlestring 2019/12/15 v1.6 Cleanup title references (HO)

(/opt/texlive/2025/texmf-dist/tex/latex/kvoptions/kvoptions.sty
Package: kvoptions 2022-06-15 v3.15 Key value format for package options (HO)
))
\c@section@level=\count287
)
(/opt/texlive/2025/texmf-dist/tex/latex/etoolbox/etoolbox.sty
Package: etoolbox 2025/02/11 v2.5l e-TeX tools for LaTeX (JAW)
\etb@tempcnta=\count288
)
(/opt/texlive/2025/texmf-dist/tex/generic/stringenc/stringenc.sty
Package: stringenc 2019/11/29 v1.12 Convert strings between diff. encodings (HO
)
)
\@linkdim=\dimen170
\Hy@linkcounter=\count289
\Hy@pagecounter=\count290

(/opt/texlive/2025/texmf-dist/tex/latex/hyperref/pd1enc.def
File: pd1enc.def 2024-11-05 v7.01l Hyperref: PDFDocEncoding definition (HO)
Now handling font encoding PD1 ...
... no UTF-8 mapping file for font encoding PD1
)
(/opt/texlive/2025/texmf-dist/tex/generic/intcalc/intcalc.sty
Package: intcalc 2019/12/15 v1.3 Expandable calculations with integers (HO)
)
\Hy@SavedSpaceFactor=\count291

(/opt/texlive/2025/texmf-dist/tex/latex/hyperref/puenc.def
File: puenc.def 2024-11-05 v7.01l Hyperref: PDF Unicode definition (HO)
Now handling font encoding PU ...
... no UTF-8 mapping file for font encoding PU
)
Package hyperref Info: Hyper figures OFF on input line 4157.
Package hyperref Info: Link nesting OFF on input line 4162.
Package hyperref Info: Hyper index ON on input line 4165.
Package hyperref Info: Plain pages OFF on input line 4172.
Package hyperref Info: Backreferencing OFF on input line 4177.
Package hyperref Info: Implicit mode ON; LaTeX internals redefined.
Package hyperref Info: Bookmarks ON on input line 4424.
\c@Hy@tempcnt=\count292

(/opt/texlive/2025/texmf-dist/tex/latex/url/url.sty
\Urlmuskip=\muskip17
Package: url 2013/09/16  ver 3.4  Verb mode for urls, etc.
)
LaTeX Info: Redefining \url on input line 4763.
\XeTeXLinkMargin=\dimen171

(/opt/texlive/2025/texmf-dist/tex/generic/bitset/bitset.sty
Package: bitset 2019/12/09 v1.3 Handle bit-vector datatype (HO)

(/opt/texlive/2025/texmf-dist/tex/generic/bigintcalc/bigintcalc.sty
Package: bigintcalc 2019/12/15 v1.5 Expandable calculations on big integers (HO
)
))
\Fld@menulength=\count293
\Field@Width=\dimen172
\Fld@charsize=\dimen173
Package hyperref Info: Hyper figures OFF on input line 6042.
Package hyperref Info: Link nesting OFF on input line 6047.
Package hyperref Info: Hyper index ON on input line 6050.
Package hyperref Info: backreferencing OFF on input line 6057.
Package hyperref Info: Link coloring OFF on input line 6062.
Package hyperref Info: Link coloring with OCG OFF on input line 6067.
Package hyperref Info: PDF/A mode OFF on input line 6072.

(/opt/texlive/2025/texmf-dist/tex/latex/base/atbegshi-ltx.sty
Package: atbegshi-ltx 2021/01/10 v1.0c Emulation of the original atbegshi
package with kernel methods
)
\Hy@abspage=\count294
\c@Item=\count295
\c@Hfootnote=\count296
)
Package hyperref Info: Driver (autodetected): hpdftex.

(/opt/texlive/2025/texmf-dist/tex/latex/hyperref/hpdftex.def
File: hpdftex.def 2024-11-05 v7.01l Hyperref driver for pdfTeX

(/opt/texlive/2025/texmf-dist/tex/latex/base/atveryend-ltx.sty
Package: atveryend-ltx 2020/08/19 v1.0a Emulation of the original atveryend pac
kage
with kernel methods
)
\Fld@listcount=\count297
\c@bookmark@seq@number=\count298

(/opt/texlive/2025/texmf-dist/tex/latex/rerunfilecheck/rerunfilecheck.sty
Package: rerunfilecheck 2022-07-10 v1.10 Rerun checks for auxiliary files (HO)

(/opt/texlive/2025/texmf-dist/tex/generic/uniquecounter/uniquecounter.sty
Package: uniquecounter 2019/12/15 v1.4 Provide unlimited unique counter (HO)
)
Package uniquecounter Info: New unique counter `rerunfilecheck' on input line 2
85.
)
\Hy@SectionHShift=\skip51
)
(/opt/texlive/2025/texmf-dist/tex/latex/amsmath/amsmath.sty
Package: amsmath 2024/11/05 v2.17t AMS math features
\@mathmargin=\skip52

For additional information on amsmath, use the `?' option.
(/opt/texlive/2025/texmf-dist/tex/latex/amsmath/amstext.sty
Package: amstext 2021/08/26 v2.01 AMS text

(/opt/texlive/2025/texmf-dist/tex/latex/amsmath/amsgen.sty
File: amsgen.sty 1999/11/30 v2.0 generic functions
\@emptytoks=\toks19
\ex@=\dimen174
))
(/opt/texlive/2025/texmf-dist/tex/latex/amsmath/amsbsy.sty
Package: amsbsy 1999/11/29 v1.2d Bold Symbols
\pmbraise@=\dimen175
)
(/opt/texlive/2025/texmf-dist/tex/latex/amsmath/amsopn.sty
Package: amsopn 2022/04/08 v2.04 operator names
)
\inf@bad=\count299
LaTeX Info: Redefining \frac on input line 233.
\uproot@=\count300
\leftroot@=\count301
LaTeX Info: Redefining \overline on input line 398.
LaTeX Info: Redefining \colon on input line 409.
\classnum@=\count302
\DOTSCASE@=\count303
LaTeX Info: Redefining \ldots on input line 495.
LaTeX Info: Redefining \dots on input line 498.
LaTeX Info: Redefining \cdots on input line 619.
\Mathstrutbox@=\box53
\strutbox@=\box54
LaTeX Info: Redefining \big on input line 721.
LaTeX Info: Redefining \Big on input line 722.
LaTeX Info: Redefining \bigg on input line 723.
LaTeX Info: Redefining \Bigg on input line 724.
\big@size=\dimen176
LaTeX Font Info:    Redeclaring font encoding OML on input line 742.
LaTeX Font Info:    Redeclaring font encoding OMS on input line 743.
\macc@depth=\count304
LaTeX Info: Redefining \bmod on input line 904.
LaTeX Info: Redefining \pmod on input line 909.
LaTeX Info: Redefining \smash on input line 939.
LaTeX Info: Redefining \relbar on input line 969.
LaTeX Info: Redefining \Relbar on input line 970.
\c@MaxMatrixCols=\count305
\dotsspace@=\muskip18
\c@parentequation=\count306
\dspbrk@lvl=\count307
\tag@help=\toks20
\row@=\count308
\column@=\count309
\maxfields@=\count310
\andhelp@=\toks21
\eqnshift@=\dimen177
\alignsep@=\dimen178
\tagshift@=\dimen179
\tagwidth@=\dimen180
\totwidth@=\dimen181
\lineht@=\dimen182
\@envbody=\toks22
\multlinegap=\skip53
\multlinetaggap=\skip54
\mathdisplay@stack=\toks23
LaTeX Info: Redefining \[ on input line 2953.
LaTeX Info: Redefining \] on input line 2954.
)
(/opt/texlive/2025/texmf-dist/tex/latex/amsfonts/amssymb.sty
Package: amssymb 2013/01/14 v3.01 AMS font symbols

(/opt/texlive/2025/texmf-dist/tex/latex/amsfonts/amsfonts.sty
Package: amsfonts 2013/01/14 v3.01 Basic AMSFonts support
\symAMSa=\mathgroup4
\symAMSb=\mathgroup5
LaTeX Font Info:    Redeclaring math symbol \hbar on input line 98.
LaTeX Font Info:    Overwriting math alphabet `\mathfrak' in version `bold'
(Font)                  U/euf/m/n --> U/euf/b/n on input line 106.
))
(/opt/texlive/2025/texmf-dist/tex/latex/fancyhdr/fancyhdr.sty
Package: fancyhdr 2025/02/07 v5.2 Extensive control of page headers and footers

\f@nch@headwidth=\skip55
\f@nch@offset@elh=\skip56
\f@nch@offset@erh=\skip57
\f@nch@offset@olh=\skip58
\f@nch@offset@orh=\skip59
\f@nch@offset@elf=\skip60
\f@nch@offset@erf=\skip61
\f@nch@offset@olf=\skip62
\f@nch@offset@orf=\skip63
\f@nch@height=\skip64
\f@nch@footalignment=\skip65
\f@nch@widthL=\skip66
\f@nch@widthC=\skip67
\f@nch@widthR=\skip68
\@temptokenb=\toks24
)
(/opt/texlive/2025/texmf-dist/tex/latex/caption/caption.sty
Package: caption 2023/08/05 v3.6o Customizing captions (AR)

(/opt/texlive/2025/texmf-dist/tex/latex/caption/caption3.sty
Package: caption3 2023/07/31 v2.4d caption3 kernel (AR)
\caption@tempdima=\dimen183
\captionmargin=\dimen184
\caption@leftmargin=\dimen185
\caption@rightmargin=\dimen186
\caption@width=\dimen187
\caption@indent=\dimen188
\caption@parindent=\dimen189
\caption@hangindent=\dimen190
Package caption Info: Standard document class detected.
)
\c@caption@flags=\count311
\c@continuedfloat=\count312
Package caption Info: hyperref package is loaded.
)
(/opt/texlive/2025/texmf-dist/tex/latex/float/float.sty
Package: float 2001/11/08 v1.3d Float enhancements (AL)
\c@float@type=\count313
\float@exts=\toks25
\float@box=\box55
\@float@everytoks=\toks26
\@floatcapt=\box56
)
(/opt/texlive/2025/texmf-dist/tex/latex/tools/tabularx.sty
Package: tabularx 2023/12/11 v2.12a `tabularx' package (DPC)

(/opt/texlive/2025/texmf-dist/tex/latex/tools/array.sty
Package: array 2024/10/17 v2.6g Tabular extension package (FMi)
\col@sep=\dimen191
\ar@mcellbox=\box57
\extrarowheight=\dimen192
\NC@list=\toks27
\extratabsurround=\skip69
\backup@length=\skip70
\ar@cellbox=\box58
)
\TX@col@width=\dimen193
\TX@old@table=\dimen194
\TX@old@col=\dimen195
\TX@target=\dimen196
\TX@delta=\dimen197
\TX@cols=\count314
\TX@ftn=\toks28
)
(/opt/texlive/2025/texmf-dist/tex/latex/tools/longtable.sty
Package: longtable 2024-10-27 v4.22 Multi-page Table package (DPC)
\LTleft=\skip71
\LTright=\skip72
\LTpre=\skip73
\LTpost=\skip74
\LTchunksize=\count315
\LTcapwidth=\dimen198
\LT@head=\box59
\LT@firsthead=\box60
\LT@foot=\box61
\LT@lastfoot=\box62
\LT@gbox=\box63
\LT@cols=\count316
\LT@rows=\count317
\c@LT@tables=\count318
\c@LT@chunks=\count319
\LT@p@ftn=\toks29
)
Package hyperref Info: Option `colorlinks' set `true' on input line 27.

(/opt/texlive/2025/texmf-dist/tex/latex/l3backend/l3backend-pdftex.def
File: l3backend-pdftex.def 2025-04-14 L3 backend support: PDF output (pdfTeX)
\l__color_backend_stack_int=\count320
)
(./main.aux

LaTeX Warning: Label `fig:rv64im-testbench' multiply defined.


LaTeX Warning: Label `fig:rv64im-testbench' multiply defined.


LaTeX Warning: Label `fig:rv64im-testbench' multiply defined.

)
\openout1 = `main.aux'.

LaTeX Font Info:    Checking defaults for OML/cmm/m/it on input line 48.
LaTeX Font Info:    ... okay on input line 48.
LaTeX Font Info:    Checking defaults for OMS/cmsy/m/n on input line 48.
LaTeX Font Info:    ... okay on input line 48.
LaTeX Font Info:    Checking defaults for OT1/cmr/m/n on input line 48.
LaTeX Font Info:    ... okay on input line 48.
LaTeX Font Info:    Checking defaults for T1/cmr/m/n on input line 48.
LaTeX Font Info:    ... okay on input line 48.
LaTeX Font Info:    Checking defaults for TS1/cmr/m/n on input line 48.
LaTeX Font Info:    ... okay on input line 48.
LaTeX Font Info:    Checking defaults for OMX/cmex/m/n on input line 48.
LaTeX Font Info:    ... okay on input line 48.
LaTeX Font Info:    Checking defaults for U/cmr/m/n on input line 48.
LaTeX Font Info:    ... okay on input line 48.
LaTeX Font Info:    Checking defaults for PD1/pdf/m/n on input line 48.
LaTeX Font Info:    ... okay on input line 48.
LaTeX Font Info:    Checking defaults for PU/pdf/m/n on input line 48.
LaTeX Font Info:    ... okay on input line 48.

*geometry* driver: auto-detecting
*geometry* detected driver: pdftex
*geometry* verbose mode - [ preamble ] result:
* driver: pdftex
* paper: a4paper
* layout: <same size as paper>
* layoutoffset:(h,v)=(0.0pt,0.0pt)
* modes: 
* h-part:(L,W,R)=(72.26999pt, 452.9679pt, 72.26999pt)
* v-part:(T,H,B)=(72.26999pt, 700.50687pt, 72.26999pt)
* \paperwidth=597.50787pt
* \paperheight=845.04684pt
* \textwidth=452.9679pt
* \textheight=700.50687pt
* \oddsidemargin=0.0pt
* \evensidemargin=0.0pt
* \topmargin=-37.0pt
* \headheight=13.6pt
* \headsep=25.0pt
* \topskip=11.0pt
* \footskip=30.0pt
* \marginparwidth=50.0pt
* \marginparsep=10.0pt
* \columnsep=10.0pt
* \skip\footins=10.0pt plus 4.0pt minus 2.0pt
* \hoffset=0.0pt
* \voffset=0.0pt
* \mag=1000
* \@twocolumnfalse
* \@twosidefalse
* \@mparswitchfalse
* \@reversemarginfalse
* (1in=72.27pt=25.4mm, 1cm=28.453pt)

(/opt/texlive/2025/texmf-dist/tex/context/base/mkii/supp-pdf.mkii
[Loading MPS to PDF converter (version 2006.09.02).]
\scratchcounter=\count321
\scratchdimen=\dimen199
\scratchbox=\box64
\nofMPsegments=\count322
\nofMParguments=\count323
\everyMPshowfont=\toks30
\MPscratchCnt=\count324
\MPscratchDim=\dimen256
\MPnumerator=\count325
\makeMPintoPDFobject=\count326
\everyMPtoPDFconversion=\toks31
) (/opt/texlive/2025/texmf-dist/tex/latex/epstopdf-pkg/epstopdf-base.sty
Package: epstopdf-base 2020-01-24 v2.11 Base part for package epstopdf
Package epstopdf-base Info: Redefining graphics rule for `.eps' on input line 4
85.

(/opt/texlive/2025/texmf-dist/tex/latex/latexconfig/epstopdf-sys.cfg
File: epstopdf-sys.cfg 2010/07/13 v1.3 Configuration of (r)epstopdf for TeX Liv
e
))
(/opt/texlive/2025/texmf-dist/tex/latex/graphics/color.sty
Package: color 2024/06/23 v1.3e Standard LaTeX Color (DPC)

(/opt/texlive/2025/texmf-dist/tex/latex/graphics-cfg/color.cfg
File: color.cfg 2016/01/02 v1.6 sample color configuration
)
Package color Info: Driver file: pdftex.def on input line 149.

(/opt/texlive/2025/texmf-dist/tex/latex/graphics/mathcolor.ltx))
Package hyperref Info: Link coloring ON on input line 48.
 (./main.out)
(./main.out)
\@outlinefile=\write3
\openout3 = `main.out'.

Package caption Info: Begin \AtBeginDocument code.
Package caption Info: float package is loaded.
Package caption Info: longtable package is loaded.
 (/opt/texlive/2025/texmf-dist/tex/latex/caption/ltcaption.sty
Package: ltcaption 2021/01/08 v1.4c longtable captions (AR)
)
Package caption Info: End \AtBeginDocument code.


[1

{/opt/texlive/2025/texmf-var/fonts/map/pdftex/updmap/pdftex.map}] (./main.toc
LaTeX Font Info:    Trying to load font information for U+msa on input line 2.
(/opt/texlive/2025/texmf-dist/tex/latex/amsfonts/umsa.fd
File: umsa.fd 2013/01/14 v3.01 AMS symbols A
)
LaTeX Font Info:    Trying to load font information for U+msb on input line 2.

(/opt/texlive/2025/texmf-dist/tex/latex/amsfonts/umsb.fd
File: umsb.fd 2013/01/14 v3.01 AMS symbols B
)


pdfTeX warning (ext4): destination with the same identifier (name{page.1}) has 
been already used, duplicate ignored
<to be read again> 
                   \relax 
l.49 ...}Code Size Comparison}{17}{subsection.5.4}
                                                  % [1])
\tf@toc=\write4
\openout4 = `main.toc'.



[2]

[3

{/opt/texlive/2025/texmf-dist/fonts/enc/dvips/cm-super/cm-super-ts1.enc}]

[4]
<figs/graphviz.png, id=267, 2063.71pt x 1722.435pt>
File: figs/graphviz.png Graphic file (type png)
<use figs/graphviz.png>
Package pdftex.def Info: figs/graphviz.png  used on input line 147.
(pdftex.def)             Requested size: 385.02547pt x 321.35255pt.
<figs/graphviz (1).png, id=269, 1079.03125pt x 1596.96625pt>
File: figs/graphviz (1).png Graphic file (type png)
<use figs/graphviz (1).png>
Package pdftex.def Info: figs/graphviz (1).png  used on input line 160.
(pdftex.def)             Requested size: 339.72592pt x 502.80336pt.


[5 <./figs/graphviz.png>]

[6 <./figs/graphviz (1).png>]

[7]
<figs/graphviz (2).png, id=287, 3319.40125pt x 1395.2125pt>
File: figs/graphviz (2).png Graphic file (type png)
<use figs/graphviz (2).png>
Package pdftex.def Info: figs/graphviz (2).png  used on input line 240.
(pdftex.def)             Requested size: 407.66833pt x 171.33548pt.


[8]

[9 <./figs/graphviz (2).png>]

[10]

[11]
<figs/graphviz (3).png, id=312, 2175.12625pt x 1102.1175pt>
File: figs/graphviz (3).png Graphic file (type png)
<use figs/graphviz (3).png>
Package pdftex.def Info: figs/graphviz (3).png  used on input line 382.
(pdftex.def)             Requested size: 385.02547pt x 195.07646pt.


[12 <./figs/graphviz (3).png>]

[13]

[14]

[15]

[16]

[17]
<figs/Screenshot 2025-11-27 165022.png, id=354, 126.97438pt x 231.86626pt>
File: figs/Screenshot 2025-11-27 165022.png Graphic file (type png)
<use figs/Screenshot 2025-11-27 165022.png>
Package pdftex.def Info: figs/Screenshot 2025-11-27 165022.png  used on input l
ine 610.
(pdftex.def)             Requested size: 339.72592pt x 620.39352pt.
<figs/Screenshot 2025-11-27 165353.png, id=355, 117.94063pt x 248.93pt>
File: figs/Screenshot 2025-11-27 165353.png Graphic file (type png)
<use figs/Screenshot 2025-11-27 165353.png>
Package pdftex.def Info: figs/Screenshot 2025-11-27 165353.png  used on input l
ine 617.
(pdftex.def)             Requested size: 339.72592pt x 717.05457pt.


[18 <./figs/Screenshot 2025-11-27 165022.png>]
Overfull \vbox (40.14769pt too high) has occurred while \output is active []



[19 <./figs/Screenshot 2025-11-27 165353.png>]
<figs/WhatsApp Image 2025-11-27 at 19.26.11_1548c192.jpg, id=369, 437.635pt x 1
83.68625pt>
File: figs/WhatsApp Image 2025-11-27 at 19.26.11_1548c192.jpg Graphic file (typ
e jpg)
<use figs/WhatsApp Image 2025-11-27 at 19.26.11_1548c192.jpg>
Package pdftex.def Info: figs/WhatsApp Image 2025-11-27 at 19.26.11_1548c192.jp
g  used on input line 624.
(pdftex.def)             Requested size: 339.72592pt x 142.59358pt.


[20 <./figs/WhatsApp Image 2025-11-27 at 19.26.11_1548c192.jpg>]
Overfull \hbox (2.72495pt too wide) in paragraph at lines 696--697
\OT1/cmr/m/n/10.95 mech-a-nisms, buffer-ing strate-gies, and re-li-able clock-d
omain cross-ing when nec-es-sary. For display-
 []



[21]

[22]
LaTeX Font Info:    Font shape `OT1/cmtt/bx/n' in size <10.95> not available
(Font)              Font shape `OT1/cmtt/m/n' tried instead on input line 707.
LaTeX Font Info:    Font shape `OT1/cmtt/bx/n' in size <12> not available
(Font)              Font shape `OT1/cmtt/m/n' tried instead on input line 725.

Overfull \hbox (6.35287pt too wide) in paragraph at lines 733--734
[]\OT1/cmr/m/n/10.95 Copy the gen-er-ated hex in-struc-tions into the \OT1/cmtt
/m/n/10.95 instructions.py \OT1/cmr/m/n/10.95 script in the \OT1/cmtt/m/n/10.95
 instructions/
 []



[23]
<figs/Screenshot 2025-11-27 170003.png, id=403, 690.07813pt x 561.59813pt>
File: figs/Screenshot 2025-11-27 170003.png Graphic file (type png)
<use figs/Screenshot 2025-11-27 170003.png>
Package pdftex.def Info: figs/Screenshot 2025-11-27 170003.png  used on input l
ine 783.
(pdftex.def)             Requested size: 452.9679pt x 368.63356pt.


[24]
<figs/Screenshot 2025-11-27 170029.png, id=417, 683.05188pt x 565.61313pt>
File: figs/Screenshot 2025-11-27 170029.png Graphic file (type png)
<use figs/Screenshot 2025-11-27 170029.png>
Package pdftex.def Info: figs/Screenshot 2025-11-27 170029.png  used on input l
ine 789.
(pdftex.def)             Requested size: 452.9679pt x 375.09233pt.


[25 <./figs/Screenshot 2025-11-27 170003.png>]
<figs/Screenshot 2025-11-27 170046.png, id=424, 693.08937pt x 560.0925pt>
File: figs/Screenshot 2025-11-27 170046.png Graphic file (type png)
<use figs/Screenshot 2025-11-27 170046.png>
Package pdftex.def Info: figs/Screenshot 2025-11-27 170046.png  used on input l
ine 795.
(pdftex.def)             Requested size: 452.9679pt x 366.05565pt.


[26 <./figs/Screenshot 2025-11-27 170029.png>]
<figs/Screenshot 2025-11-27 170300.png, id=431, 682.55pt x 559.59062pt>
File: figs/Screenshot 2025-11-27 170300.png Graphic file (type png)
<use figs/Screenshot 2025-11-27 170300.png>
Package pdftex.def Info: figs/Screenshot 2025-11-27 170300.png  used on input l
ine 802.
(pdftex.def)             Requested size: 452.9679pt x 371.37169pt.


[27 <./figs/Screenshot 2025-11-27 170046.png>]
<figs/Screenshot 2025-11-27 170314.png, id=438, 688.07062pt x 560.0925pt>
File: figs/Screenshot 2025-11-27 170314.png Graphic file (type png)
<use figs/Screenshot 2025-11-27 170314.png>
Package pdftex.def Info: figs/Screenshot 2025-11-27 170314.png  used on input l
ine 808.
(pdftex.def)             Requested size: 452.9679pt x 368.71355pt.


[28 <./figs/Screenshot 2025-11-27 170300.png>]
File: figs/Screenshot 2025-11-27 170314.png Graphic file (type png)
<use figs/Screenshot 2025-11-27 170314.png>
Package pdftex.def Info: figs/Screenshot 2025-11-27 170314.png  used on input l
ine 814.
(pdftex.def)             Requested size: 452.9679pt x 368.71355pt.


[29 <./figs/Screenshot 2025-11-27 170314.png>]
<figs/Screenshot 2025-11-27 170124.png, id=452, 706.13812pt x 560.59438pt>
File: figs/Screenshot 2025-11-27 170124.png Graphic file (type png)
<use figs/Screenshot 2025-11-27 170124.png>
Package pdftex.def Info: figs/Screenshot 2025-11-27 170124.png  used on input l
ine 821.
(pdftex.def)             Requested size: 452.9679pt x 359.6089pt.


[30]
<figs/Screenshot 2025-11-27 170136.png, id=459, 680.5425pt x 565.11125pt>
File: figs/Screenshot 2025-11-27 170136.png Graphic file (type png)
<use figs/Screenshot 2025-11-27 170136.png>
Package pdftex.def Info: figs/Screenshot 2025-11-27 170136.png  used on input l
ine 827.
(pdftex.def)             Requested size: 452.9679pt x 376.13918pt.


[31 <./figs/Screenshot 2025-11-27 170124.png>]
<figs/Screenshot 2025-11-27 170156.png, id=467, 679.03688pt x 564.60938pt>
File: figs/Screenshot 2025-11-27 170156.png Graphic file (type png)
<use figs/Screenshot 2025-11-27 170156.png>
Package pdftex.def Info: figs/Screenshot 2025-11-27 170156.png  used on input l
ine 833.
(pdftex.def)             Requested size: 452.9679pt x 376.63219pt.


[32 <./figs/Screenshot 2025-11-27 170136.png>]
<figs/Screenshot 2025-11-27 170228.png, id=474, 682.04813pt x 565.61313pt>
File: figs/Screenshot 2025-11-27 170228.png Graphic file (type png)
<use figs/Screenshot 2025-11-27 170228.png>
Package pdftex.def Info: figs/Screenshot 2025-11-27 170228.png  used on input l
ine 839.
(pdftex.def)             Requested size: 452.9679pt x 375.64468pt.


[33 <./figs/Screenshot 2025-11-27 170156.png>]
<figs/Screenshot 2025-11-27 170241.png, id=481, 687.06688pt x 561.59813pt>
File: figs/Screenshot 2025-11-27 170241.png Graphic file (type png)
<use figs/Screenshot 2025-11-27 170241.png>
Package pdftex.def Info: figs/Screenshot 2025-11-27 170241.png  used on input l
ine 845.
(pdftex.def)             Requested size: 452.9679pt x 370.24458pt.


[34 <./figs/Screenshot 2025-11-27 170228.png>]

[35 <./figs/Screenshot 2025-11-27 170241.png>] (./main.aux)
 ***********
LaTeX2e <2024-11-01> patch level 2
L3 programming layer <2025-04-14>
 ***********


LaTeX Warning: There were multiply-defined labels.


Package rerunfilecheck Warning: File `main.out' has changed.
(rerunfilecheck)                Rerun to get outlines right
(rerunfilecheck)                or use package `bookmark'.

Package rerunfilecheck Info: Checksums for `main.out':
(rerunfilecheck)             Before: E4275EB340179534F2A74153BB38513A;8912
(rerunfilecheck)             After:  A685A1C6FAC72E61B4DE139A93DF4111;8781.
 ) 
Here is how much of TeX's memory you used:
 12679 strings out of 469608
 201687 string characters out of 5446120
 599493 words of memory out of 5000000
 39219 multiletter control sequences out of 15000+600000
 636207 words of font info for 74 fonts, out of 8000000 for 9000
 1141 hyphenation exceptions out of 8191
 75i,13n,79p,737b,566s stack positions out of 10000i,1000n,20000p,200000b,200000s

pdfTeX warning (dest): name{subsection.2.2} has been referenced but does not ex
ist, replaced by a fixed one

</opt/texlive/2025/texmf-dist/fonts/type1/public/amsfonts/cm/cmbx10.pfb></opt/t
exlive/2025/texmf-dist/fonts/type1/public/amsfonts/cm/cmbx12.pfb></opt/texlive/
2025/texmf-dist/fonts/type1/public/amsfonts/cm/cmbx8.pfb></opt/texlive/2025/tex
mf-dist/fonts/type1/public/amsfonts/cm/cmbxti10.pfb></opt/texlive/2025/texmf-di
st/fonts/type1/public/amsfonts/cm/cmmi10.pfb></opt/texlive/2025/texmf-dist/font
s/type1/public/amsfonts/cm/cmr10.pfb></opt/texlive/2025/texmf-dist/fonts/type1/
public/amsfonts/cm/cmr12.pfb></opt/texlive/2025/texmf-dist/fonts/type1/public/a
msfonts/cm/cmr8.pfb></opt/texlive/2025/texmf-dist/fonts/type1/public/amsfonts/c
m/cmsy10.pfb></opt/texlive/2025/texmf-dist/fonts/type1/public/amsfonts/cm/cmti1
0.pfb></opt/texlive/2025/texmf-dist/fonts/type1/public/amsfonts/cm/cmtt10.pfb><
/opt/texlive/2025/texmf-dist/fonts/type1/public/amsfonts/cm/cmtt12.pfb></opt/te
xlive/2025/texmf-dist/fonts/type1/public/cm-super/sfrm1095.pfb>
Output written on main.pdf (36 pages, 1260303 bytes).
PDF statistics:
 581 PDF objects out of 1000 (max. 8388607)
 479 compressed objects within 5 object streams
 135 named destinations out of 1000 (max. 500000)
 462 words of extra memory for PDF output out of 10000 (max. 10000000)

