This is pdfTeX, Version 3.141592653-2.6-1.40.27 (TeX Live 2025) (preloaded format=pdflatex 2025.5.9)  18 DEC 2025 12:38
entering extended mode
 restricted \write18 enabled.
 %&-line parsing enabled.
**main.tex
(./main.tex
LaTeX2e <2024-11-01> patch level 2
L3 programming layer <2025-04-14>
(/opt/texlive/2025/texmf-dist/tex/latex/base/article.cls
Document Class: article 2024/06/29 v1.4n Standard LaTeX document class
(/opt/texlive/2025/texmf-dist/tex/latex/base/size12.clo
File: size12.clo 2024/06/29 v1.4n Standard LaTeX file (size option)
)
\c@part=\count272
\c@section=\count273
\c@subsection=\count274
\c@subsubsection=\count275
\c@paragraph=\count276
\c@subparagraph=\count277
\c@figure=\count278
\c@table=\count279
\abovecaptionskip=\skip49
\belowcaptionskip=\skip50
\bibindent=\dimen146
)
(/opt/texlive/2025/texmf-dist/tex/latex/geometry/geometry.sty
Package: geometry 2020/01/02 v5.9 Page Geometry

(/opt/texlive/2025/texmf-dist/tex/latex/graphics/keyval.sty
Package: keyval 2022/05/29 v1.15 key=value parser (DPC)
\KV@toks@=\toks17
)
(/opt/texlive/2025/texmf-dist/tex/generic/iftex/ifvtex.sty
Package: ifvtex 2019/10/25 v1.7 ifvtex legacy package. Use iftex instead.

(/opt/texlive/2025/texmf-dist/tex/generic/iftex/iftex.sty
Package: iftex 2024/12/12 v1.0g TeX engine tests
))
\Gm@cnth=\count280
\Gm@cntv=\count281
\c@Gm@tempcnt=\count282
\Gm@bindingoffset=\dimen147
\Gm@wd@mp=\dimen148
\Gm@odd@mp=\dimen149
\Gm@even@mp=\dimen150
\Gm@layoutwidth=\dimen151
\Gm@layoutheight=\dimen152
\Gm@layouthoffset=\dimen153
\Gm@layoutvoffset=\dimen154
\Gm@dimlist=\toks18
)
(/opt/texlive/2025/texmf-dist/tex/latex/setspace/setspace.sty
Package: setspace 2022/12/04 v6.7b set line spacing
)
(/opt/texlive/2025/texmf-dist/tex/latex/titlesec/titlesec.sty
Package: titlesec 2025/01/04 v2.17 Sectioning titles
\ttl@box=\box53
\beforetitleunit=\skip51
\aftertitleunit=\skip52
\ttl@plus=\dimen155
\ttl@minus=\dimen156
\ttl@toksa=\toks19
\titlewidth=\dimen157
\titlewidthlast=\dimen158
\titlewidthfirst=\dimen159
)
(/opt/texlive/2025/texmf-dist/tex/latex/graphics/graphicx.sty
Package: graphicx 2021/09/16 v1.2d Enhanced LaTeX Graphics (DPC,SPQR)

(/opt/texlive/2025/texmf-dist/tex/latex/graphics/graphics.sty
Package: graphics 2024/08/06 v1.4g Standard LaTeX Graphics (DPC,SPQR)

(/opt/texlive/2025/texmf-dist/tex/latex/graphics/trig.sty
Package: trig 2023/12/02 v1.11 sin cos tan (DPC)
)
(/opt/texlive/2025/texmf-dist/tex/latex/graphics-cfg/graphics.cfg
File: graphics.cfg 2016/06/04 v1.11 sample graphics configuration
)
Package graphics Info: Driver file: pdftex.def on input line 106.

(/opt/texlive/2025/texmf-dist/tex/latex/graphics-def/pdftex.def
File: pdftex.def 2024/04/13 v1.2c Graphics/color driver for pdftex
))
\Gin@req@height=\dimen160
\Gin@req@width=\dimen161
)
(/opt/texlive/2025/texmf-dist/tex/latex/booktabs/booktabs.sty
Package: booktabs 2020/01/12 v1.61803398 Publication quality tables
\heavyrulewidth=\dimen162
\lightrulewidth=\dimen163
\cmidrulewidth=\dimen164
\belowrulesep=\dimen165
\belowbottomsep=\dimen166
\aboverulesep=\dimen167
\abovetopsep=\dimen168
\cmidrulesep=\dimen169
\cmidrulekern=\dimen170
\defaultaddspace=\dimen171
\@cmidla=\count283
\@cmidlb=\count284
\@aboverulesep=\dimen172
\@belowrulesep=\dimen173
\@thisruleclass=\count285
\@lastruleclass=\count286
\@thisrulewidth=\dimen174
)
(/opt/texlive/2025/texmf-dist/tex/latex/float/float.sty
Package: float 2001/11/08 v1.3d Float enhancements (AL)
\c@float@type=\count287
\float@exts=\toks20
\float@box=\box54
\@float@everytoks=\toks21
\@floatcapt=\box55
)
(/opt/texlive/2025/texmf-dist/tex/latex/l3backend/l3backend-pdftex.def
File: l3backend-pdftex.def 2025-04-14 L3 backend support: PDF output (pdfTeX)
\l__color_backend_stack_int=\count288
)
No file main.aux.
\openout1 = `main.aux'.

LaTeX Font Info:    Checking defaults for OML/cmm/m/it on input line 13.
LaTeX Font Info:    ... okay on input line 13.
LaTeX Font Info:    Checking defaults for OMS/cmsy/m/n on input line 13.
LaTeX Font Info:    ... okay on input line 13.
LaTeX Font Info:    Checking defaults for OT1/cmr/m/n on input line 13.
LaTeX Font Info:    ... okay on input line 13.
LaTeX Font Info:    Checking defaults for T1/cmr/m/n on input line 13.
LaTeX Font Info:    ... okay on input line 13.
LaTeX Font Info:    Checking defaults for TS1/cmr/m/n on input line 13.
LaTeX Font Info:    ... okay on input line 13.
LaTeX Font Info:    Checking defaults for OMX/cmex/m/n on input line 13.
LaTeX Font Info:    ... okay on input line 13.
LaTeX Font Info:    Checking defaults for U/cmr/m/n on input line 13.
LaTeX Font Info:    ... okay on input line 13.
*geometry* driver: auto-detecting
*geometry* detected driver: pdftex
*geometry* verbose mode - [ preamble ] result:
* driver: pdftex
* paper: a4paper
* layout: <same size as paper>
* layoutoffset:(h,v)=(0.0pt,0.0pt)
* modes: 
* h-part:(L,W,R)=(72.26999pt, 452.9679pt, 72.26999pt)
* v-part:(T,H,B)=(72.26999pt, 700.50687pt, 72.26999pt)
* \paperwidth=597.50787pt
* \paperheight=845.04684pt
* \textwidth=452.9679pt
* \textheight=700.50687pt
* \oddsidemargin=0.0pt
* \evensidemargin=0.0pt
* \topmargin=-37.0pt
* \headheight=12.0pt
* \headsep=25.0pt
* \topskip=12.0pt
* \footskip=30.0pt
* \marginparwidth=35.0pt
* \marginparsep=10.0pt
* \columnsep=10.0pt
* \skip\footins=10.8pt plus 4.0pt minus 2.0pt
* \hoffset=0.0pt
* \voffset=0.0pt
* \mag=1000
* \@twocolumnfalse
* \@twosidefalse
* \@mparswitchfalse
* \@reversemarginfalse
* (1in=72.27pt=25.4mm, 1cm=28.453pt)

(/opt/texlive/2025/texmf-dist/tex/context/base/mkii/supp-pdf.mkii
[Loading MPS to PDF converter (version 2006.09.02).]
\scratchcounter=\count289
\scratchdimen=\dimen175
\scratchbox=\box56
\nofMPsegments=\count290
\nofMParguments=\count291
\everyMPshowfont=\toks22
\MPscratchCnt=\count292
\MPscratchDim=\dimen176
\MPnumerator=\count293
\makeMPintoPDFobject=\count294
\everyMPtoPDFconversion=\toks23
) (/opt/texlive/2025/texmf-dist/tex/latex/epstopdf-pkg/epstopdf-base.sty
Package: epstopdf-base 2020-01-24 v2.11 Base part for package epstopdf
Package epstopdf-base Info: Redefining graphics rule for `.eps' on input line 4
85.

(/opt/texlive/2025/texmf-dist/tex/latex/latexconfig/epstopdf-sys.cfg
File: epstopdf-sys.cfg 2010/07/13 v1.3 Configuration of (r)epstopdf for TeX Liv
e
))
LaTeX Font Info:    External font `cmex10' loaded for size
(Font)              <12> on input line 23.
LaTeX Font Info:    External font `cmex10' loaded for size
(Font)              <8> on input line 23.
LaTeX Font Info:    External font `cmex10' loaded for size
(Font)              <6> on input line 23.


[1

{/opt/texlive/2025/texmf-var/fonts/map/pdftex/updmap/pdftex.map}]
No file main.toc.
\tf@toc=\write3
\openout3 = `main.toc'.



[1]
<figs/single_cycle_block_diagram.jpg, id=11, 661.72218pt x 490.08093pt>
File: figs/single_cycle_block_diagram.jpg Graphic file (type jpg)
<use figs/single_cycle_block_diagram.jpg>
Package pdftex.def Info: figs/single_cycle_block_diagram.jpg  used on input lin
e 63.
(pdftex.def)             Requested size: 362.37569pt x 268.37877pt.


[2{/opt/texlive/2025/texmf-dist/fonts/enc/dvips/cm-super/cm-super-ts1.enc}]

[3 <./figs/single_cycle_block_diagram.jpg>]

[4]
<figs/pc_waveform.jpg, id=24, 963.6pt x 488.57532pt>
File: figs/pc_waveform.jpg Graphic file (type jpg)
<use figs/pc_waveform.jpg>
Package pdftex.def Info: figs/pc_waveform.jpg  used on input line 111.
(pdftex.def)             Requested size: 385.02547pt x 195.21793pt.


LaTeX Warning: Reference `tab:alu_truth_table' on page 5 undefined on input lin
e 117.

LaTeX Font Info:    Trying to load font information for OML+cmr on input line 1
29.
(/opt/texlive/2025/texmf-dist/tex/latex/base/omlcmr.fd
File: omlcmr.fd 2024/11/19 v2.5n Standard LaTeX font definitions
)
LaTeX Font Info:    Font shape `OML/cmr/m/n' in size <12> not available
(Font)              Font shape `OML/cmm/m/it' tried instead on input line 129.
LaTeX Font Info:    Trying to load font information for OMS+cmr on input line 1
32.

(/opt/texlive/2025/texmf-dist/tex/latex/base/omscmr.fd
File: omscmr.fd 2024/11/19 v2.5n Standard LaTeX font definitions
)
LaTeX Font Info:    Font shape `OMS/cmr/m/n' in size <12> not available
(Font)              Font shape `OMS/cmsy/m/n' tried instead on input line 132.
LaTeX Font Info:    Trying to load font information for OMS+cmtt on input line 
142.
LaTeX Font Info:    No file OMScmtt.fd. on input line 142.


LaTeX Font Warning: Font shape `OMS/cmtt/m/n' undefined
(Font)              using `OMS/cmsy/m/n' instead
(Font)              for symbol `textbraceleft' on input line 142.


LaTeX Warning: `!h' float specifier changed to `!ht'.


LaTeX Warning: `!h' float specifier changed to `!ht'.

<figs/alu_waveform.jpg, id=25, 963.6pt x 456.20438pt>
File: figs/alu_waveform.jpg Graphic file (type jpg)
<use figs/alu_waveform.jpg>
Package pdftex.def Info: figs/alu_waveform.jpg  used on input line 168.
(pdftex.def)             Requested size: 385.02547pt x 182.2836pt.

LaTeX Warning: `!h' float specifier changed to `!ht'.



[5 <./figs/pc_waveform.jpg>]

LaTeX Warning: Text page 6 contains only floats.



[6 <./figs/alu_waveform.jpg>]
<figs/immgen_tb_results.jpg, id=35, 523.20468pt x 189.70876pt>
File: figs/immgen_tb_results.jpg Graphic file (type jpg)
<use figs/immgen_tb_results.jpg>
Package pdftex.def Info: figs/immgen_tb_results.jpg  used on input line 177.
(pdftex.def)             Requested size: 385.02547pt x 139.60938pt.
<figs/immgen_waveform.jpg, id=36, 963.6pt x 486.31688pt>
File: figs/immgen_waveform.jpg Graphic file (type jpg)
<use figs/immgen_waveform.jpg>
Package pdftex.def Info: figs/immgen_waveform.jpg  used on input line 184.
(pdftex.def)             Requested size: 362.37569pt x 182.8804pt.
<figs/imem_waveform.jpg, id=37, 963.6pt x 487.8225pt>
File: figs/imem_waveform.jpg Graphic file (type jpg)
<use figs/imem_waveform.jpg>
Package pdftex.def Info: figs/imem_waveform.jpg  used on input line 195.
(pdftex.def)             Requested size: 385.02547pt x 194.91711pt.


LaTeX Warning: `!h' float specifier changed to `!ht'.

<figs/dmem_waveform.jpg, id=38, 963.6pt x 490.83376pt>
File: figs/dmem_waveform.jpg Graphic file (type jpg)
<use figs/dmem_waveform.jpg>
Package pdftex.def Info: figs/dmem_waveform.jpg  used on input line 202.
(pdftex.def)             Requested size: 385.02547pt x 196.12032pt.

LaTeX Warning: `!h' float specifier changed to `!ht'.

<figs/control_unit.jpg, id=39, 963.6pt x 493.0922pt>
File: figs/control_unit.jpg Graphic file (type jpg)
<use figs/control_unit.jpg>
Package pdftex.def Info: figs/control_unit.jpg  used on input line 213.
(pdftex.def)             Requested size: 385.02547pt x 197.0227pt.


[7 <./figs/immgen_tb_results.jpg> <./figs/immgen_waveform.jpg>]

LaTeX Warning: `!h' float specifier changed to `!ht'.



[8 <./figs/imem_waveform.jpg> <./figs/dmem_waveform.jpg>]

[9 <./figs/control_unit.jpg>]
Overfull \hbox (51.81575pt too wide) in paragraph at lines 251--252
[]\OT1/cmr/m/n/12 No func-tional dif-fer-ences were de-tected in sim-u-la-tion,
 which means this is a synthesis/resource-
 []



[10]

[11] (./main.aux)
 ***********
LaTeX2e <2024-11-01> patch level 2
L3 programming layer <2025-04-14>
 ***********


LaTeX Font Warning: Some font shapes were not available, defaults substituted.


LaTeX Warning: There were undefined references.


LaTeX Warning: Label(s) may have changed. Rerun to get cross-references right.

 ) 
Here is how much of TeX's memory you used:
 2476 strings out of 469608
 39361 string characters out of 5446120
 444183 words of memory out of 5000000
 29310 multiletter control sequences out of 15000+600000
 632835 words of font info for 60 fonts, out of 8000000 for 9000
 1141 hyphenation exceptions out of 8191
 57i,9n,65p,635b,283s stack positions out of 10000i,1000n,20000p,200000b,200000s
</opt/texlive/2025/texmf-dist/fonts/type1/public/amsfonts/cm/cmbx12.pfb></opt
/texlive/2025/texmf-dist/fonts/type1/public/amsfonts/cm/cmmi12.pfb></opt/texliv
e/2025/texmf-dist/fonts/type1/public/amsfonts/cm/cmr12.pfb></opt/texlive/2025/t
exmf-dist/fonts/type1/public/amsfonts/cm/cmsy10.pfb></opt/texlive/2025/texmf-di
st/fonts/type1/public/amsfonts/cm/cmti12.pfb></opt/texlive/2025/texmf-dist/font
s/type1/public/amsfonts/cm/cmtt12.pfb></opt/texlive/2025/texmf-dist/fonts/type1
/public/cm-super/sfrm1200.pfb></opt/texlive/2025/texmf-dist/fonts/type1/public/
cm-super/sftt1200.pfb>
Output written on main.pdf (12 pages, 1181323 bytes).
PDF statistics:
 92 PDF objects out of 1000 (max. 8388607)
 53 compressed objects within 1 object stream
 0 named destinations out of 1000 (max. 500000)
 41 words of extra memory for PDF output out of 10000 (max. 10000000)

